[debug] [2024-06-17T20:42:37.230Z] ----------------------------------------------------------------------
[debug] [2024-06-17T20:42:37.232Z] Command:       C:\Program Files\nodejs\node.exe C:\Users\Vinig\AppData\Roaming\npm\node_modules\firebase-tools\lib\bin\firebase.js init
[debug] [2024-06-17T20:42:37.232Z] CLI Version:   13.11.2
[debug] [2024-06-17T20:42:37.232Z] Platform:      win32
[debug] [2024-06-17T20:42:37.232Z] Node Version:  v20.14.0
[debug] [2024-06-17T20:42:37.232Z] Time:          Mon Jun 17 2024 17:42:37 GMT-0300 (Horário Padrão de Brasília)
[debug] [2024-06-17T20:42:37.233Z] ----------------------------------------------------------------------
[debug] 
[debug] [2024-06-17T20:42:37.234Z] >>> [apiv2][query] GET https://firebase-public.firebaseio.com/cli.json [none]
[debug] [2024-06-17T20:42:37.263Z] > command requires scopes: ["email","openid","https://www.googleapis.com/auth/cloudplatformprojects.readonly","https://www.googleapis.com/auth/firebase","https://www.googleapis.com/auth/cloud-platform"]
[debug] [2024-06-17T20:42:37.263Z] > authorizing via signed-in user (vinicius.araujo@sou.unaerp.edu.br)
[info] 
     ######## #### ########  ######## ########     ###     ######  ########
     ##        ##  ##     ## ##       ##     ##  ##   ##  ##       ##
     ######    ##  ########  ######   ########  #########  ######  ######
     ##        ##  ##    ##  ##       ##     ## ##     ##       ## ##
     ##       #### ##     ## ######## ########  ##     ##  ######  ########

You're about to initialize a Firebase project in this directory:

  H:\Área de Trabalho\mobile 2\Mobile2_App_Odonto

[debug] [2024-06-17T20:42:37.593Z] <<< [apiv2][status] GET https://firebase-public.firebaseio.com/cli.json 200
[debug] [2024-06-17T20:42:37.594Z] <<< [apiv2][body] GET https://firebase-public.firebaseio.com/cli.json {"cloudBuildErrorAfter":1594252800000,"cloudBuildWarnAfter":1590019200000,"defaultNode10After":1594252800000,"minVersion":"3.0.5","node8DeploysDisabledAfter":1613390400000,"node8RuntimeDisabledAfter":1615809600000,"node8WarnAfter":1600128000000}
[debug] [2024-06-17T20:43:34.186Z] ----------------------------------------------------------------------
[debug] [2024-06-17T20:43:34.188Z] Command:       C:\Program Files\nodejs\node.exe C:\Users\Vinig\AppData\Roaming\npm\node_modules\firebase-tools\lib\bin\firebase.js init hosting
[debug] [2024-06-17T20:43:34.188Z] CLI Version:   13.11.2
[debug] [2024-06-17T20:43:34.188Z] Platform:      win32
[debug] [2024-06-17T20:43:34.188Z] Node Version:  v20.14.0
[debug] [2024-06-17T20:43:34.188Z] Time:          Mon Jun 17 2024 17:43:34 GMT-0300 (Horário Padrão de Brasília)
[debug] [2024-06-17T20:43:34.188Z] ----------------------------------------------------------------------
[debug] 
[debug] [2024-06-17T20:43:34.192Z] > command requires scopes: ["email","openid","https://www.googleapis.com/auth/cloudplatformprojects.readonly","https://www.googleapis.com/auth/firebase","https://www.googleapis.com/auth/cloud-platform"]
[debug] [2024-06-17T20:43:34.192Z] > authorizing via signed-in user (vinicius.araujo@sou.unaerp.edu.br)
[info] 
     ######## #### ########  ######## ########     ###     ######  ########
     ##        ##  ##     ## ##       ##     ##  ##   ##  ##       ##
     ######    ##  ########  ######   ########  #########  ######  ######
     ##        ##  ##    ##  ##       ##     ## ##     ##       ## ##
     ##       #### ##     ## ######## ########  ##     ##  ######  ########

You're about to initialize a Firebase project in this directory:

  H:\Área de Trabalho\mobile 2\Mobile2_App_Odonto

[info] 
=== Project Setup
[info] 
[info] First, let's associate this project directory with a Firebase project.
[info] You can create multiple project aliases by running firebase use --add, 
[info] but for now we'll just set up a default project.
[info] 
[debug] [2024-06-17T20:43:59.391Z] > refreshing access token with scopes: []
[debug] [2024-06-17T20:43:59.392Z] >>> [apiv2][query] POST https://www.googleapis.com/oauth2/v3/token [none]
[debug] [2024-06-17T20:43:59.392Z] >>> [apiv2][body] POST https://www.googleapis.com/oauth2/v3/token [omitted]
[debug] [2024-06-17T20:43:59.612Z] <<< [apiv2][status] POST https://www.googleapis.com/oauth2/v3/token 200
[debug] [2024-06-17T20:43:59.612Z] <<< [apiv2][body] POST https://www.googleapis.com/oauth2/v3/token [omitted]
[debug] [2024-06-17T20:43:59.628Z] >>> [apiv2][query] GET https://firebase.googleapis.com/v1beta1/projects pageSize=100
[debug] [2024-06-17T20:44:00.281Z] <<< [apiv2][status] GET https://firebase.googleapis.com/v1beta1/projects 200
[debug] [2024-06-17T20:44:00.281Z] <<< [apiv2][body] GET https://firebase.googleapis.com/v1beta1/projects [omitted]
[info] i  Using project app-unaerp-odonto (app-unaerp-odonto) 
[info] 
=== Hosting Setup
[debug] [2024-06-17T20:44:02.884Z] >>> [apiv2][query] GET https://firebase.googleapis.com/v1beta1/projects/app-unaerp-odonto [none]
[debug] [2024-06-17T20:44:03.200Z] <<< [apiv2][status] GET https://firebase.googleapis.com/v1beta1/projects/app-unaerp-odonto 200
[debug] [2024-06-17T20:44:03.200Z] <<< [apiv2][body] GET https://firebase.googleapis.com/v1beta1/projects/app-unaerp-odonto {"projectId":"app-unaerp-odonto","projectNumber":"611398646443","displayName":"app-unaerp-odonto","name":"projects/app-unaerp-odonto","resources":{"hostingSite":"app-unaerp-odonto"},"state":"ACTIVE","etag":"1_6171dbf2-8bfe-4fa4-9bea-0ad2373c8460"}
[info] 
[info] Your public directory is the folder (relative to your project directory) that
[info] will contain Hosting assets to be uploaded with firebase deploy. If you
[info] have a build process for your assets, use your build's output directory.
[info] 
